<?xml version="1.0" encoding="UTF-8"?>
<testsuite name="RequestHandlerTest" tests="1" skipped="0" failures="0" errors="0" timestamp="2019-08-16T09:42:30" hostname="RENTLAPT0065" time="0.004">
  <properties/>
  <testcase name="extractFileNameAndRequestType" classname="RequestHandlerTest" time="0.004"/>
  <system-out><![CDATA[]]></system-out>
  <system-err><![CDATA[]]></system-err>
</testsuite>
